<?xml version="1.0" encoding="UTF-8"?>
<!-- Generated by org.testng.reporters.JUnitXMLReporter -->
<testsuite ignored="6" hostname="DESKTOP-1JCII1C" failures="0" tests="1" name="Default test" time="28.288" errors="0" timestamp="2023-12-13T14:31:29 BDT">
  <testcase classname="com.alif1.AppiumT1.General_store" name="PriceCheckTest" time="23.013"/>
  <testcase classname="com.alif1.AppiumT1.General_store" name="UndoAddtoCartTest" time="0.0">
    <ignored/>
  </testcase> <!-- UndoAddtoCartTest -->
  <testcase classname="com.alif1.AppiumT1.General_store" name="GetBackAddMoreTest" time="0.0">
    <ignored/>
  </testcase> <!-- GetBackAddMoreTest -->
  <testcase classname="com.alif1.AppiumT1.General_store" name="dropDownTest" time="0.0">
    <ignored/>
  </testcase> <!-- dropDownTest -->
  <testcase classname="com.alif1.AppiumT1.General_store" name="toastmsgTest" time="0.0">
    <ignored/>
  </testcase> <!-- toastmsgTest -->
  <testcase classname="com.alif1.AppiumT1.General_store" name="addcartToastmsgTest" time="0.0">
    <ignored/>
  </testcase> <!-- addcartToastmsgTest -->
  <testcase classname="com.alif1.AppiumT1.General_store" name="selectmultiitemTest" time="0.0">
    <ignored/>
  </testcase> <!-- selectmultiitemTest -->
</testsuite> <!-- Default test -->
