<?xml version="1.0" encoding="UTF-8"?>
<!-- Generated by org.testng.reporters.JUnitXMLReporter -->
<testsuite ignored="4" hostname="DESKTOP-1JCII1C" failures="0" tests="1" name="Default test" time="7.538" errors="0" timestamp="2023-12-12T16:00:39 BDT">
  <testcase classname="com.alif1.AppiumT1.ApiDemosTest" name="ExtractTextTest" time="2.029"/>
  <testcase classname="com.alif1.AppiumT1.ApiDemosTest" name="animationTest" time="0.0">
    <ignored/>
  </testcase> <!-- animationTest -->
  <testcase classname="com.alif1.AppiumT1.ApiDemosTest" name="GalleryTest" time="0.0">
    <ignored/>
  </testcase> <!-- GalleryTest -->
  <testcase classname="com.alif1.AppiumT1.ApiDemosTest" name="NotificationTest" time="0.0">
    <ignored/>
  </testcase> <!-- NotificationTest -->
  <testcase classname="com.alif1.AppiumT1.ApiDemosTest" name="SmsSentTesting" time="0.0">
    <ignored/>
  </testcase> <!-- SmsSentTesting -->
</testsuite> <!-- Default test -->
